<?xml version="1.0" encoding="UTF-8"?>
<!-- Generated by org.testng.reporters.JUnitReportReporter -->
<testsuite hostname="DESKTOP-BRQ7IUG" failures="0" tests="1" name="com.epsos.authtoken.AuthorizationToken" time="34.081" errors="0" timestamp="2024-06-16T10:32:52 IST" skipped="0">
  <testcase classname="com.epsos.authtoken.AuthorizationToken" name="Token" time="34.081"/>
  <system-out/>
</testsuite> <!-- com.epsos.authtoken.AuthorizationToken -->
